time="2024-12-28T22:13:31+02:00" level=info msg="Starting in resident mode"
time="2024-12-28T22:13:31+02:00" level=info msg="Using style: /home/yaros/.config/nwg-dock-hyprland/style.css\n"

** (nwg-dock-hyprland:542050): CRITICAL **: 22:13:31.651: gtk_wayland_init_if_needed: assertion 'GDK_IS_WAYLAND_DISPLAY (gdk_display)' failed

** (nwg-dock-hyprland:542050): CRITICAL **: 22:13:31.651: layer_surface_new: assertion 'gtk_wayland_get_layer_shell_global ()' failed

** (nwg-dock-hyprland:542050): WARNING **: 22:13:31.651: Falling back to XDG shell instead of Layer Shell (surface should appear but layer features will not work)

** (nwg-dock-hyprland:542050): CRITICAL **: 22:13:31.651: xdg_toplevel_surface_new: assertion 'gtk_wayland_get_xdg_wm_base_global ()' failed

** (nwg-dock-hyprland:542050): WARNING **: 22:13:31.651: Shell does not support XDG shell stable. Falling back to default GTK behavior

** (nwg-dock-hyprland:542050): CRITICAL **: 22:13:31.651: GtkWindow is not a layer surface. Make sure you called gtk_layer_init_for_window ()

** (nwg-dock-hyprland:542050): CRITICAL **: 22:13:31.651: GtkWindow is not a layer surface. Make sure you called gtk_layer_init_for_window ()

** (nwg-dock-hyprland:542050): CRITICAL **: 22:13:31.651: GtkWindow is not a layer surface. Make sure you called gtk_layer_init_for_window ()

** (nwg-dock-hyprland:542050): CRITICAL **: 22:13:31.651: GtkWindow is not a layer surface. Make sure you called gtk_layer_init_for_window ()

** (nwg-dock-hyprland:542050): CRITICAL **: 22:13:31.651: GtkWindow is not a layer surface. Make sure you called gtk_layer_init_for_window ()

** (nwg-dock-hyprland:542050): CRITICAL **: 22:13:31.651: GtkWindow is not a layer surface. Make sure you called gtk_layer_init_for_window ()

** (nwg-dock-hyprland:542050): CRITICAL **: 22:13:31.651: GtkWindow is not a layer surface. Make sure you called gtk_layer_init_for_window ()

** (nwg-dock-hyprland:542050): CRITICAL **: 22:13:31.651: GtkWindow is not a layer surface. Make sure you called gtk_layer_init_for_window ()

** (nwg-dock-hyprland:542050): CRITICAL **: 22:13:31.651: GtkWindow is not a layer surface. Make sure you called gtk_layer_init_for_window ()

** (nwg-dock-hyprland:542050): CRITICAL **: 22:13:31.651: GtkWindow is not a layer surface. Make sure you called gtk_layer_init_for_window ()
time="2024-12-28T22:13:45+02:00" level=info msg="Starting in resident mode"
panic: runtime error: invalid memory address or nil pointer dereference
[signal SIGSEGV: segmentation violation code=0x1 addr=0x0 pc=0x6115d3]

goroutine 18 [running]:
main.main.func2()
	github.com/nwg-piotr/nwg-dock-hyprland/main.go:411 +0x293
created by main.main in goroutine 1
	github.com/nwg-piotr/nwg-dock-hyprland/main.go:377 +0x65a
time="2024-12-28T22:13:56+02:00" level=info msg="Starting in resident mode"
panic: runtime error: invalid memory address or nil pointer dereference
[signal SIGSEGV: segmentation violation code=0x1 addr=0x0 pc=0x6115d3]

goroutine 34 [running]:
main.main.func2()
	github.com/nwg-piotr/nwg-dock-hyprland/main.go:411 +0x293
created by main.main in goroutine 1
	github.com/nwg-piotr/nwg-dock-hyprland/main.go:377 +0x65a
time="2024-12-28T22:14:40+02:00" level=info msg="Starting in resident mode"
time="2024-12-28T22:14:40+02:00" level=info msg="Using style: /home/yaros/.config/nwg-dock-hyprland/style.css\n"
time="2024-12-28T22:14:48+02:00" level=info msg="Starting in resident mode"
time="2024-12-28T22:14:48+02:00" level=info msg="Using style: /home/yaros/.config/nwg-dock-hyprland/style.css\n"
time="2024-12-28T22:15:02+02:00" level=info msg="Starting in resident mode"
time="2024-12-28T22:15:02+02:00" level=info msg="Using style: /home/yaros/.config/nwg-dock-hyprland/style.css\n"
time="2024-12-28T22:15:35+02:00" level=warning msg="Unable to start program: exit status 1"
time="2024-12-28T22:16:24+02:00" level=info msg="SIGTERM received, bye bye!"
time="2024-12-28T22:16:25+02:00" level=info msg="Starting in resident mode"
panic: runtime error: invalid memory address or nil pointer dereference
[signal SIGSEGV: segmentation violation code=0x1 addr=0x0 pc=0x6115d3]

goroutine 21 [running]:
main.main.func2()
	github.com/nwg-piotr/nwg-dock-hyprland/main.go:411 +0x293
created by main.main in goroutine 1
	github.com/nwg-piotr/nwg-dock-hyprland/main.go:377 +0x65a
time="2024-12-28T22:16:44+02:00" level=info msg="Starting in resident mode"
time="2024-12-28T22:16:44+02:00" level=info msg="Using style: /home/yaros/.config/nwg-dock-hyprland/style.css\n"
time="2024-12-28T22:19:38+02:00" level=info msg="Starting in resident mode"
panic: runtime error: invalid memory address or nil pointer dereference
[signal SIGSEGV: segmentation violation code=0x1 addr=0x0 pc=0x6115d3]

goroutine 34 [running]:
main.main.func2()
	github.com/nwg-piotr/nwg-dock-hyprland/main.go:411 +0x293
created by main.main in goroutine 1
	github.com/nwg-piotr/nwg-dock-hyprland/main.go:377 +0x65a
time="2024-12-28T22:34:07+02:00" level=info msg="Starting in resident mode"
panic: runtime error: invalid memory address or nil pointer dereference
[signal SIGSEGV: segmentation violation code=0x1 addr=0x0 pc=0x6115d3]

goroutine 5 [running]:
main.main.func2()
	github.com/nwg-piotr/nwg-dock-hyprland/main.go:411 +0x293
created by main.main in goroutine 1
	github.com/nwg-piotr/nwg-dock-hyprland/main.go:377 +0x65a
